<?xml version="1.0" encoding="UTF-8"?>
<coverage generated="1775985441766" clover="3.2.0">
  <project timestamp="1775985441766" name="All files">
    <metrics statements="33" coveredstatements="30" conditionals="23" coveredconditionals="19" methods="4" coveredmethods="3" elements="60" coveredelements="52" complexity="0" loc="33" ncloc="33" packages="1" files="1" classes="1"/>
    <file name="server.js" path="/Users/aliadem/Stripe API/src/server.js">
      <metrics statements="33" coveredstatements="30" conditionals="23" coveredconditionals="19" methods="4" coveredmethods="3"/>
      <line num="1" count="1" type="stmt"/>
      <line num="2" count="1" type="cond" truecount="2" falsecount="0"/>
      <line num="4" count="1" type="stmt"/>
      <line num="5" count="1" type="stmt"/>
      <line num="8" count="1" type="stmt"/>
      <line num="18" count="1" type="stmt"/>
      <line num="19" count="25" type="stmt"/>
      <line num="20" count="25" type="stmt"/>
      <line num="23" count="25" type="cond" truecount="5" falsecount="0"/>
      <line num="24" count="4" type="stmt"/>
      <line num="30" count="21" type="cond" truecount="2" falsecount="0"/>
      <line num="31" count="3" type="stmt"/>
      <line num="37" count="18" type="cond" truecount="2" falsecount="0"/>
      <line num="38" count="1" type="stmt"/>
      <line num="45" count="17" type="stmt"/>
      <line num="52" count="12" type="stmt"/>
      <line num="65" count="5" type="cond" truecount="1" falsecount="1"/>
      <line num="66" count="0" type="stmt"/>
      <line num="73" count="5" type="stmt"/>
      <line num="89" count="1" type="stmt"/>
      <line num="90" count="4" type="stmt"/>
      <line num="91" count="4" type="stmt"/>
      <line num="93" count="4" type="cond" truecount="2" falsecount="0"/>
      <line num="94" count="1" type="stmt"/>
      <line num="101" count="3" type="stmt"/>
      <line num="106" count="2" type="stmt"/>
      <line num="116" count="1" type="stmt"/>
      <line num="128" count="1" type="stmt"/>
      <line num="129" count="1" type="stmt"/>
      <line num="133" count="1" type="cond" truecount="1" falsecount="1"/>
      <line num="134" count="0" type="stmt"/>
      <line num="135" count="0" type="stmt"/>
      <line num="139" count="1" type="stmt"/>
    </file>
  </project>
</coverage>
