{"/Users/aliadem/Stripe API/src/server.js": {"path":"/Users/aliadem/Stripe API/src/server.js","statementMap":{"0":{"start":{"line":1,"column":16},"end":{"line":1,"column":34}},"1":{"start":{"line":2,"column":15},"end":{"line":2,"column":97}},"2":{"start":{"line":4,"column":12},"end":{"line":4,"column":21}},"3":{"start":{"line":5,"column":13},"end":{"line":5,"column":17}},"4":{"start":{"line":8,"column":0},"end":{"line":8,"column":24}},"5":{"start":{"line":18,"column":0},"end":{"line":79,"column":3}},"6":{"start":{"line":19,"column":2},"end":{"line":78,"column":3}},"7":{"start":{"line":20,"column":54},"end":{"line":20,"column":62}},"8":{"start":{"line":23,"column":4},"end":{"line":28,"column":5}},"9":{"start":{"line":24,"column":6},"end":{"line":27,"column":9}},"10":{"start":{"line":30,"column":4},"end":{"line":35,"column":5}},"11":{"start":{"line":31,"column":6},"end":{"line":34,"column":9}},"12":{"start":{"line":37,"column":4},"end":{"line":42,"column":5}},"13":{"start":{"line":38,"column":6},"end":{"line":41,"column":9}},"14":{"start":{"line":45,"column":19},"end":{"line":50,"column":6}},"15":{"start":{"line":52,"column":4},"end":{"line":62,"column":7}},"16":{"start":{"line":65,"column":4},"end":{"line":71,"column":5}},"17":{"start":{"line":66,"column":6},"end":{"line":70,"column":9}},"18":{"start":{"line":73,"column":4},"end":{"line":77,"column":7}},"19":{"start":{"line":89,"column":0},"end":{"line":122,"column":3}},"20":{"start":{"line":90,"column":2},"end":{"line":121,"column":3}},"21":{"start":{"line":91,"column":34},"end":{"line":91,"column":42}},"22":{"start":{"line":93,"column":4},"end":{"line":98,"column":5}},"23":{"start":{"line":94,"column":6},"end":{"line":97,"column":9}},"24":{"start":{"line":101,"column":19},"end":{"line":104,"column":6}},"25":{"start":{"line":106,"column":4},"end":{"line":114,"column":7}},"26":{"start":{"line":116,"column":4},"end":{"line":120,"column":7}},"27":{"start":{"line":128,"column":0},"end":{"line":130,"column":3}},"28":{"start":{"line":129,"column":2},"end":{"line":129,"column":41}},"29":{"start":{"line":133,"column":0},"end":{"line":137,"column":1}},"30":{"start":{"line":134,"column":2},"end":{"line":136,"column":5}},"31":{"start":{"line":135,"column":4},"end":{"line":135,"column":77}},"32":{"start":{"line":139,"column":0},"end":{"line":139,"column":21}}},"fnMap":{"0":{"name":"(anonymous_0)","decl":{"start":{"line":18,"column":20},"end":{"line":18,"column":21}},"loc":{"start":{"line":18,"column":40},"end":{"line":79,"column":1}},"line":18},"1":{"name":"(anonymous_1)","decl":{"start":{"line":89,"column":20},"end":{"line":89,"column":21}},"loc":{"start":{"line":89,"column":40},"end":{"line":122,"column":1}},"line":89},"2":{"name":"(anonymous_2)","decl":{"start":{"line":128,"column":19},"end":{"line":128,"column":20}},"loc":{"start":{"line":128,"column":33},"end":{"line":130,"column":1}},"line":128},"3":{"name":"(anonymous_3)","decl":{"start":{"line":134,"column":19},"end":{"line":134,"column":20}},"loc":{"start":{"line":134,"column":25},"end":{"line":136,"column":3}},"line":134}},"branchMap":{"0":{"loc":{"start":{"line":2,"column":33},"end":{"line":2,"column":96}},"type":"binary-expr","locations":[{"start":{"line":2,"column":33},"end":{"line":2,"column":62}},{"start":{"line":2,"column":66},"end":{"line":2,"column":96}}],"line":2},"1":{"loc":{"start":{"line":23,"column":4},"end":{"line":28,"column":5}},"type":"if","locations":[{"start":{"line":23,"column":4},"end":{"line":28,"column":5}},{"start":{},"end":{}}],"line":23},"2":{"loc":{"start":{"line":23,"column":8},"end":{"line":23,"column":39}},"type":"binary-expr","locations":[{"start":{"line":23,"column":8},"end":{"line":23,"column":15}},{"start":{"line":23,"column":19},"end":{"line":23,"column":28}},{"start":{"line":23,"column":32},"end":{"line":23,"column":39}}],"line":23},"3":{"loc":{"start":{"line":30,"column":4},"end":{"line":35,"column":5}},"type":"if","locations":[{"start":{"line":30,"column":4},"end":{"line":35,"column":5}},{"start":{},"end":{}}],"line":30},"4":{"loc":{"start":{"line":37,"column":4},"end":{"line":42,"column":5}},"type":"if","locations":[{"start":{"line":37,"column":4},"end":{"line":42,"column":5}},{"start":{},"end":{}}],"line":37},"5":{"loc":{"start":{"line":49,"column":19},"end":{"line":49,"column":51}},"type":"binary-expr","locations":[{"start":{"line":49,"column":19},"end":{"line":49,"column":30}},{"start":{"line":49,"column":34},"end":{"line":49,"column":51}}],"line":49},"6":{"loc":{"start":{"line":65,"column":4},"end":{"line":71,"column":5}},"type":"if","locations":[{"start":{"line":65,"column":4},"end":{"line":71,"column":5}},{"start":{},"end":{}}],"line":65},"7":{"loc":{"start":{"line":67,"column":15},"end":{"line":67,"column":56}},"type":"binary-expr","locations":[{"start":{"line":67,"column":15},"end":{"line":67,"column":28}},{"start":{"line":67,"column":32},"end":{"line":67,"column":56}}],"line":67},"8":{"loc":{"start":{"line":93,"column":4},"end":{"line":98,"column":5}},"type":"if","locations":[{"start":{"line":93,"column":4},"end":{"line":98,"column":5}},{"start":{},"end":{}}],"line":93},"9":{"loc":{"start":{"line":103,"column":14},"end":{"line":103,"column":59}},"type":"cond-expr","locations":[{"start":{"line":103,"column":23},"end":{"line":103,"column":47}},{"start":{"line":103,"column":50},"end":{"line":103,"column":59}}],"line":103},"10":{"loc":{"start":{"line":133,"column":0},"end":{"line":137,"column":1}},"type":"if","locations":[{"start":{"line":133,"column":0},"end":{"line":137,"column":1}},{"start":{},"end":{}}],"line":133}},"s":{"0":1,"1":1,"2":1,"3":1,"4":1,"5":1,"6":25,"7":25,"8":25,"9":4,"10":21,"11":3,"12":18,"13":1,"14":17,"15":12,"16":5,"17":0,"18":5,"19":1,"20":4,"21":4,"22":4,"23":1,"24":3,"25":2,"26":1,"27":1,"28":1,"29":1,"30":0,"31":0,"32":1},"f":{"0":25,"1":4,"2":1,"3":0},"b":{"0":[1,1],"1":[4,21],"2":[25,23,22],"3":[3,18],"4":[1,17],"5":[17,16],"6":[0,5],"7":[0,0],"8":[1,3],"9":[1,2],"10":[0,1]},"_coverageSchema":"1a1c01bbd47fc00a2c39e90264f33305004495a9","hash":"f98874e170ced976ff7e1c4ddaffab7bb972c754"}
}
