TN:
SF:src/server.js
FN:18,(anonymous_0)
FN:89,(anonymous_1)
FN:128,(anonymous_2)
FN:134,(anonymous_3)
FNF:4
FNH:3
FNDA:25,(anonymous_0)
FNDA:4,(anonymous_1)
FNDA:1,(anonymous_2)
FNDA:0,(anonymous_3)
DA:1,1
DA:2,1
DA:4,1
DA:5,1
DA:8,1
DA:18,1
DA:19,25
DA:20,25
DA:23,25
DA:24,4
DA:30,21
DA:31,3
DA:37,18
DA:38,1
DA:45,17
DA:52,12
DA:65,5
DA:66,0
DA:73,5
DA:89,1
DA:90,4
DA:91,4
DA:93,4
DA:94,1
DA:101,3
DA:106,2
DA:116,1
DA:128,1
DA:129,1
DA:133,1
DA:134,0
DA:135,0
DA:139,1
LF:33
LH:30
BRDA:2,0,0,1
BRDA:2,0,1,1
BRDA:23,1,0,4
BRDA:23,1,1,21
BRDA:23,2,0,25
BRDA:23,2,1,23
BRDA:23,2,2,22
BRDA:30,3,0,3
BRDA:30,3,1,18
BRDA:37,4,0,1
BRDA:37,4,1,17
BRDA:49,5,0,17
BRDA:49,5,1,16
BRDA:65,6,0,0
BRDA:65,6,1,5
BRDA:67,7,0,0
BRDA:67,7,1,0
BRDA:93,8,0,1
BRDA:93,8,1,3
BRDA:103,9,0,1
BRDA:103,9,1,2
BRDA:133,10,0,0
BRDA:133,10,1,1
BRF:23
BRH:19
end_of_record
